
──── verify: typecheck ────
──── typecheck: OK
(no lint script — template mode skip; becomes a hard gate once src/ exists)
(no test script — template mode skip; becomes a hard gate once src/ exists)
(no build script — skipping)

──── verify: features.json schema + invariants ────
[update-state] valid: 7 features, 3 passing (evidence re-verified).
──── features.json schema + invariants: OK

──── verify: assertion shield ────
[32m[Assertion Shield] Check passed. No deleted assertions detected in test files.[0m
──── assertion shield: OK

──── verify: hook contract tests ────
── guard-bash.sh
  [PASS] blocks push to main
  [PASS] blocks push to master
  [PASS] blocks refspec push to main
  [PASS] blocks refs/heads refspec
  [PASS] blocks bare refs/heads dst
  [PASS] blocks -C flag push to main
  [PASS] blocks -c flag push to main
  [PASS] blocks force push
  [PASS] blocks -C force push
  [PASS] blocks +refspec to main
  [PASS] blocks +refs/heads refspec
  [PASS] blocks -C +refspec to main
  [PASS] blocks +refspec force (any branch)
  [PASS] blocks --work-tree push to main
  [PASS] blocks --git-dir= push to main
  [PASS] blocks .env read
  [PASS] blocks .env.local read
  [PASS] blocks pipe-to-shell
  [PASS] blocks npm publish
  [PASS] blocks shield bypass
  [PASS] blocks rm -rf on root
  [PASS] allows push to develop
  [PASS] allows -C push to develop
  [PASS] allows feature branch push
  [PASS] allows scoped rm
  [PASS] allows plain git commit
── guard-bash.sh kill switch
  [PASS] AGENT_STOP halts all commands
── verify-gate.sh
  [PASS] blocks features.json (posix path)
  [PASS] blocks features.json (rel path)
  [PASS] blocks features.json (backslash path)
  [PASS] blocks features.json (dot segment)
  [PASS] blocks features.json (double slash)
  [PASS] blocks features.json (parent re-entry)
  [PASS] allows other files
  [PASS] allows other features.json outside roadmap
  [PASS] allows file mentioning it in content only
── verify-gate.sh degraded environment (no jq, no node → sed fallback)
  [PASS] fail-closed without jq/node (sed branch)
  [PASS] sed branch ignores decoy file_path in content
  [PASS] sed branch still allows other files
── commit-on-stop.sh
  [PASS] blocks stop on dirty tree
  [PASS] allows stop on clean tree
  [PASS] kill switch overrides dirty block
── session-brief.sh
  [PASS] exits 0
  [PASS] emits brief content
── update-state.ts (fixture: tmp/hook-tests)
  [PASS] validate accepts valid fixture
  [PASS] add rejects malformed JSON
  [PASS] add rejects passes:true at birth
  [PASS] add rejects dangling dependency
  [PASS] add accepts valid feature
  [PASS] status rejects unknown id
  [PASS] status rejects invalid enum
  [PASS] status blocked requires+stores reason
  [PASS] passes refuses without evidence
  [PASS] evidence refuses missing file
  [PASS] evidence accepts existing file
  [PASS] passes accepts with green verify log
  [PASS] validate rejects corrupt backlog
── assertion-shield.ts (fixture repo)
  [PASS] shield catches STAGED assertion deletion
  [PASS] shield catches deleted test FILE
  [PASS] shield passes on clean tree
── update-state.ts invariants (fixture: tmp/hook-tests)
  [PASS] status:done without passes is rejected
  [PASS] dependency cycle is rejected
  [PASS] validate audits evidence of passing features (missing file rejected)

hook contract tests: 63 passed, 0 failed
──── hook contract tests: OK

VERIFY-COMMIT: 875ec3e03ad7be898ee155f6d87343232fe2ac10 @ 2026-06-10T06:38:54Z
VERIFY: PASS (exit 0)
