
> ai-operations-template@0.1.0 build
> next build

   Γû▓ Next.js 15.5.19

   Creating an optimized production build ...
 Γ£ô Compiled successfully in 2.8s
   Linting and checking validity of types ...
   Collecting page data ...
   Generating static pages (0/6) ...
The width(-1) and height(-1) of chart should be greater than 0,
       please check the style of container, or the props width(100%) and height(100%),
       or add a minWidth(0) or minHeight(undefined) or use aspect(undefined) to control the
       height and width.
   Generating static pages (1/6) 
   Generating static pages (2/6) 
   Generating static pages (4/6) 
 Γ£ô Generating static pages (6/6)
   Finalizing page optimization ...
   Collecting build traces ...

Route (app)                                 Size  First Load JS
Γöî Γùï /                                      12 kB         164 kB
Γö£ Γùï /_not-found                            990 B         103 kB
Γö£ Γùï /demo                                 129 kB         285 kB
Γöö Γùï /pricing                             3.61 kB         159 kB
+ First Load JS shared by all             102 kB
  Γö£ chunks/255-98a0bdaa30757bda.js       46.2 kB
  Γö£ chunks/4bd1b696-c023c6e3521b1417.js  54.2 kB
  Γöö other shared chunks (total)             2 kB


Γùï  (Static)  prerendered as static content

